<?xml version="1.0" encoding="UTF-8"?>
<!-- Generated by org.testng.reporters.JUnitReportReporter -->
<testsuite hostname="shree-PC" failures="0" tests="3" name="testCase001.TestCase001" time="185.340" errors="0" timestamp="2022-01-18T21:27:20 IST" skipped="0">
  <testcase classname="testCase001.TestCase001" name="verifyODText" time="99.462"/>
  <system-out/>
  <testcase classname="testCase001.TestCase001" name="verifyTPText" time="41.324"/>
  <system-out/>
  <testcase classname="testCase001.TestCase001" name="verifyComprehensiveText" time="44.554"/>
  <system-out/>
</testsuite> <!-- testCase001.TestCase001 -->
