<?xml version="1.0" encoding="UTF-8"?>
<!-- Generated by org.testng.reporters.JUnitReportReporter -->
<testsuite hostname="shree-PC" failures="0" tests="1" name="testCase001.NewTest" time="99.869" errors="0" timestamp="2022-01-16T18:19:05 IST" skipped="0">
  <testcase classname="testCase001.NewTest" name="verifyTPText" time="99.869"/>
  <system-out/>
</testsuite> <!-- testCase001.NewTest -->
